\BOOKMARK [0][-]{chapter.1}{\376\377\000W\000p\000r\000o\000w\000a\000d\000z\000e\000n\000i\000e}{}% 1
\BOOKMARK [1][-]{section.1.1}{\376\377\000G\000e\000n\000e\000z\000a\000\040\000p\000o\000w\000s\000t\000a\000n\000i\000a\000\040\000p\000r\000a\000c\000y}{chapter.1}% 2
\BOOKMARK [1][-]{section.1.2}{\376\377\000P\000r\000z\000e\000g\000l\001\005\000d\000\040\000i\000s\000t\000n\000i\000e\000j\001\005\000c\000y\000c\000h\000\040\000r\000o\000z\000w\000i\001\005\000z\000a\001\104}{chapter.1}% 3
\BOOKMARK [1][-]{section.1.3}{\376\377\000C\000e\000l\000\040\000p\000r\000a\000c\000y}{chapter.1}% 4
\BOOKMARK [0][-]{chapter.2}{\376\377\000P\000r\000o\000j\000e\000k\000t\000\040\000a\000p\000l\000i\000k\000a\000c\000j\000i}{}% 5
\BOOKMARK [1][-]{section.2.1}{\376\377\000W\000y\000m\000a\000g\000a\000n\000i\000a\000\040\000f\000u\000n\000k\000c\000j\000o\000n\000a\000l\000n\000e\000\040\000i\000\040\000n\000i\000e\000f\000u\000n\000k\000c\000j\000o\000n\000a\000l\000n\000e}{chapter.2}% 6
\BOOKMARK [1][-]{section.2.2}{\376\377\000B\000a\000z\000a\000\040\000d\000a\000n\000y\000c\000h}{chapter.2}% 7
\BOOKMARK [2][-]{subsection.2.2.1}{\376\377\000M\000o\000d\000e\000l\000\040\000k\000o\000n\000c\000e\000p\000t\000u\000a\000l\000n\000y}{section.2.2}% 8
\BOOKMARK [2][-]{subsection.2.2.2}{\376\377\000M\000o\000d\000e\000l\000\040\000l\000o\000g\000i\000c\000z\000n\000y}{section.2.2}% 9
\BOOKMARK [2][-]{subsection.2.2.3}{\376\377\000M\000o\000d\000e\000l\000\040\000f\000i\000z\000y\000c\000z\000n\000y}{section.2.2}% 10
\BOOKMARK [1][-]{section.2.3}{\376\377\000P\000r\000z\000y\000p\000a\000d\000k\000i\000\040\000u\001\174\000y\000c\000i\000a}{chapter.2}% 11
\BOOKMARK [2][-]{subsection.2.3.1}{\376\377\000D\000i\000a\000g\000r\000a\000m\000\040\000p\000r\000z\000y\000p\000a\000d\000k\000\363\000w\000\040\000u\001\174\000y\000c\000i\000a}{section.2.3}% 12
\BOOKMARK [2][-]{subsection.2.3.2}{\376\377\000S\000c\000e\000n\000a\000r\000i\000u\000s\000z\000e\000\040\000p\000r\000z\000y\000p\000a\000d\000k\000\363\000w\000\040\000u\001\174\000y\000c\000i\000a}{section.2.3}% 13
\BOOKMARK [1][-]{section.2.4}{\376\377\000D\000i\000a\000g\000r\000a\000m\000y\000\040\000s\000t\000a\000n\000\363\000w}{chapter.2}% 14
\BOOKMARK [1][-]{section.2.5}{\376\377\000D\000i\000a\000g\000r\000a\000m\000y\000\040\000a\000k\000t\000y\000w\000n\000o\001\133\000c\000i}{chapter.2}% 15
\BOOKMARK [1][-]{section.2.6}{\376\377\000D\000i\000a\000g\000r\000a\000m\000\040\000k\000l\000a\000s}{chapter.2}% 16
\BOOKMARK [1][-]{section.2.7}{\376\377\000A\000r\000c\000h\000i\000t\000e\000k\000t\000u\000r\000a\000\040\000a\000p\000l\000i\000k\000a\000c\000j\000i}{chapter.2}% 17
\BOOKMARK [0][-]{chapter.3}{\376\377\000I\000m\000p\000l\000e\000m\000e\000n\000t\000a\000c\000j\000a}{}% 18
\BOOKMARK [1][-]{section.3.1}{\376\377\001\132\000r\000o\000d\000o\000w\000i\000s\000k\000o\000\040\000p\000r\000o\000g\000r\000a\000m\000i\000s\000t\000y\000c\000z\000n\000e}{chapter.3}% 19
\BOOKMARK [1][-]{section.3.2}{\376\377\000T\000e\000c\000h\000n\000o\000l\000o\000g\000i\000e\000\040\000u\001\174\000y\000t\000e\000\040\000w\000\040\000p\000r\000a\000c\000y}{chapter.3}% 20
\BOOKMARK [1][-]{section.3.3}{\376\377\000W\000y\000k\000o\000r\000z\000y\000s\000t\000a\000n\000e\000\040\000w\000z\000o\000r\000c\000e\000\040\000p\000r\000o\000j\000e\000k\000t\000o\000w\000e}{chapter.3}% 21
\BOOKMARK [1][-]{section.3.4}{\376\377\000M\000o\000d\000e\000l\000\040\000a\000r\000c\000h\000i\000t\000e\000k\000t\000o\000n\000i\000c\000z\000n\000y\000\040\000M\000V\000V\000M}{chapter.3}% 22
\BOOKMARK [1][-]{section.3.5}{\376\377\000I\000n\000t\000e\000r\000f\000e\000j\000s\000\040\000u\001\174\000y\000t\000k\000o\000w\000n\000i\000k\000a}{chapter.3}% 23
\BOOKMARK [1][-]{section.3.6}{\376\377\000W\000y\000b\000r\000a\000n\000e\000\040\000a\000s\000p\000e\000k\000t\000y\000\040\000i\000m\000p\000l\000e\000m\000e\000n\000t\000a\000c\000y\000j\000n\000e}{chapter.3}% 24
\BOOKMARK [0][-]{chapter.4}{\376\377\000T\000e\000s\000t\000y\000\040\000a\000p\000l\000i\000k\000a\000c\000j\000i}{}% 25
\BOOKMARK [1][-]{section.4.1}{\376\377\000U\000n\000i\000t\000\040\000t\000e\000s\000t\000y}{chapter.4}% 26
\BOOKMARK [1][-]{section.4.2}{\376\377\000T\000e\000s\000t\000\040\000c\000a\000s\000e}{chapter.4}% 27
\BOOKMARK [1][-]{section.4.3}{\376\377\000B\000a\000z\000a\000\040\000b\001\102\001\031\000d\000\363\000w}{chapter.4}% 28
\BOOKMARK [0][-]{chapter.5}{\376\377\000P\000o\000d\000s\000u\000m\000o\000w\000a\000n\000i\000e}{}% 29
\BOOKMARK [0][-]{chapter.6}{\376\377\000B\000i\000b\000l\000i\000o\000g\000r\000a\000f\000i\000a}{}% 30
\BOOKMARK [0][-]{chapter.7}{\376\377\000S\000p\000i\000s\000\040\000r\000y\000s\000u\000n\000k\000\363\000w}{}% 31
\BOOKMARK [0][-]{chapter.8}{\376\377\000S\000p\000i\000s\000\040\000l\000i\000s\000t\000i\000n\000g\000\363\000w}{}% 32
\BOOKMARK [0][-]{chapter.9}{\376\377\000S\000p\000i\000s\000\040\000t\000a\000b\000e\000l}{}% 33
\BOOKMARK [0][-]{chapter.10}{\376\377\000O\000p\000i\000s\000\040\000z\000a\000w\000a\000r\000t\000o\001\133\000c\000i\000\040\000A\000P\000D}{}% 34
